{
  "RSpec": {
    "coverage": {
      "/Users/zongyanwang/ruby/hw4_rottenpotatoes/app/controllers/application_controller.rb": [
        1,
        1,
        null
      ],
      "/Users/zongyanwang/ruby/hw4_rottenpotatoes/app/helpers/application_helper.rb": [
        1,
        null
      ],
      "/Users/zongyanwang/ruby/hw4_rottenpotatoes/app/helpers/movies_helper.rb": [
        1,
        null,
        null,
        null,
        null,
        null
      ],
      "/Users/zongyanwang/ruby/hw4_rottenpotatoes/app/controllers/movies_controller.rb": [
        1,
        null,
        1,
        1,
        1,
        null,
        null,
        null,
        1,
        0,
        0,
        null,
        0,
        null,
        0,
        null,
        0,
        0,
        null,
        0,
        0,
        null,
        null,
        0,
        0,
        0,
        0,
        null,
        0,
        null,
        null,
        1,
        null,
        null,
        null,
        1,
        0,
        0,
        0,
        null,
        null,
        1,
        0,
        null,
        null,
        1,
        1,
        1,
        1,
        1,
        null,
        null,
        1,
        0,
        0,
        0,
        0,
        null,
        null,
        1,
        4,
        4,
        1,
        1,
        null,
        3,
        null,
        null,
        null,
        null
      ],
      "/Users/zongyanwang/ruby/hw4_rottenpotatoes/app/models/movie.rb": [
        1,
        1,
        0,
        null,
        null,
        1,
        1,
        1,
        1,
        null,
        null
      ]
    },
    "timestamp": 1365016724
  },
  "Cucumber Features": {
    "coverage": {
      "/Users/zongyanwang/ruby/hw4_rottenpotatoes/app/controllers/application_controller.rb": [
        1,
        1,
        null
      ],
      "/Users/zongyanwang/ruby/hw4_rottenpotatoes/app/helpers/application_helper.rb": [
        1,
        null
      ],
      "/Users/zongyanwang/ruby/hw4_rottenpotatoes/app/helpers/movies_helper.rb": [
        1,
        null,
        null,
        null,
        null,
        null
      ],
      "/Users/zongyanwang/ruby/hw4_rottenpotatoes/app/controllers/movies_controller.rb": [
        1,
        null,
        1,
        4,
        4,
        null,
        null,
        null,
        1,
        18,
        18,
        null,
        2,
        null,
        2,
        null,
        18,
        18,
        null,
        18,
        60,
        null,
        null,
        18,
        4,
        4,
        4,
        null,
        14,
        null,
        null,
        1,
        null,
        null,
        null,
        1,
        1,
        1,
        1,
        null,
        null,
        1,
        1,
        null,
        null,
        1,
        1,
        1,
        1,
        1,
        null,
        null,
        1,
        1,
        1,
        1,
        1,
        null,
        null,
        1,
        2,
        2,
        1,
        1,
        null,
        1,
        null,
        null,
        null,
        null
      ],
      "/Users/zongyanwang/ruby/hw4_rottenpotatoes/app/models/movie.rb": [
        1,
        1,
        18,
        null,
        null,
        1,
        1,
        1,
        1,
        null,
        null
      ]
    },
    "timestamp": 1365016703
  }
}
